A D/agrep////
A D/alfs////
A D/apache////
A D/app_with_libc_as_so////
A D/ar////
A D/arch////
A D/arpd////
A D/awk////
A D/backtrace////
A D/basename////
A D/bison////
A D/bsdmake////
A D/bsdsort////
A D/cal////
A D/cat////
A D/cat_console////
A D/cffs////
A D/cffsd////
A D/chmod////
A D/chown////
A D/chroot////
A D/cksum////
A D/cmp////
A D/col////
A D/comm////
A D/consoled////
A D/cp////
A D/csh////
A D/cut////
A D/cvs////
A D/date////
A D/diff////
A D/dirname////
A D/disk////
A D/diskflush////
A D/domainname////
A D/du////
A D/echo////
A D/echocon////
A D/ed////
A D/emu////
A D/env////
A D/exokill////
A D/exosloader////
A D/expr////
A D/fdisk////
A D/find////
A D/finger////
A D/flex////
A D/fns////
A D/fsrv////
A D/ftp////
A D/ftpd////
A D/gas////
A D/gcc////
A D/gdb////
A D/gencat////
A D/gettime////
A D/grep////
A D/gzip////
A D/h2ph////
A D/head////
A D/hello////
A D/hexdump////
A D/hostname////
A D/hsh////
A D/icmpd////
A D/id////
A D/ifconfig////
A D/inetd////
A D/ipcprint////
A D/join////
A D/kbdsh////
A D/kill////
A D/lcc-3.6////
A D/ld////
A D/less////
A D/lex////
A D/ln////
A D/loadkern////
A D/login////
A D/lorder////
A D/ls////
A D/make////
A D/md5////
A D/memdump////
A D/mkdir////
A D/monitor////
A D/mount////
A D/mtree////
A D/mv////
A D/netcsum////
A D/nm////
A D/nroff////
A D/ns////
A D/pam////
A D/passwd////
A D/patch////
A D/pax////
A D/perl////
A D/perl4////
A D/printenv////
A D/printstats////
A D/pro////
A D/ps////
A D/pwd////
A D/pwd_mkdb////
A D/ranlib////
A D/rcs////
A D/rdate////
A D/reboot////
A D/rm////
A D/rmdir////
A D/route////
A D/run////
A D/sed////
A D/setquota////
A D/sh////
A D/shlib////
A D/sleep////
A D/sls////
A D/sort////
A D/split////
A D/strip////
A D/stty////
A D/syncer////
A D/tail////
A D/tcpdump////
A D/tcsh////
A D/tee////
A D/telnet////
A D/telnetd////
A D/test////
A D/test_pipe////
A D/time////
A D/touch////
A D/tput////
A D/tr////
A D/true////
A D/tsort////
A D/tsp////
A D/ttcp////
A D/tty////
A D/udf////
A D/uname////
A D/uniq////
A D/unmount////
A D/vi////
A D/videod////
A D/wc////
A D/webserver////
A D/which////
A D/who////
A D/wk-test////
A D/write////
A D/xargs////
A D/xinstall////
A D/xod////
A D/yacc////
